<?xml version="1.0" encoding="UTF-8"?>
<!-- Generated by org.testng.reporters.JUnitReportReporter -->
<testsuite skipped="0" hostname="DESKTOP-UQG4TMJ" name="com.shiftvisionapi.test.HeatClinicTest" tests="7" failures="0" timestamp="2020-12-03T02:43:22 EST" time="6.852" errors="0">
  <testcase name="test_03" time="0.180" classname="com.shiftvisionapi.test.HeatClinicTest"/>
  <system-out/>
  <testcase name="test_04" time="0.405" classname="com.shiftvisionapi.test.HeatClinicTest"/>
  <system-out/>
  <testcase name="test_05" time="0.312" classname="com.shiftvisionapi.test.HeatClinicTest"/>
  <system-out/>
  <testcase name="test_06" time="0.141" classname="com.shiftvisionapi.test.HeatClinicTest"/>
  <system-out/>
  <testcase name="searchTestProducts_01" time="4.285" classname="com.shiftvisionapi.test.HeatClinicTest"/>
  <system-out/>
  <testcase name="test_02" time="1.171" classname="com.shiftvisionapi.test.HeatClinicTest"/>
  <system-out/>
  <testcase name="test_01" time="0.358" classname="com.shiftvisionapi.test.HeatClinicTest"/>
  <system-out/>
</testsuite> <!-- com.shiftvisionapi.test.HeatClinicTest -->
